<?xml version="1.0" encoding="UTF-8"?>
<!-- Generated by org.testng.reporters.JUnitReportReporter -->
<testsuite hostname="LAPTOP-AJDG01Q7" failures="0" tests="1" name="AutomationProjects.LoginFunctionality" time="2.146" errors="0" timestamp="2025-09-30T20:10:13 IST" skipped="0">
  <testcase classname="AutomationProjects.LoginFunctionality" name="verifyLogin" time="2.146"/>
</testsuite> <!-- AutomationProjects.LoginFunctionality -->
