<?xml version="1.0" encoding="UTF-8"?>
<!-- Generated by org.testng.reporters.JUnitReportReporter -->
<testsuite hostname="LAPTOP-AJDG01Q7" failures="0" tests="1" name="AutomationProjects.CheckingAsteriskSymbolPresentOrNot" time="4.399" errors="0" timestamp="2025-10-03T17:14:24 IST" skipped="0">
  <testcase classname="AutomationProjects.CheckingAsteriskSymbolPresentOrNot" name="VerifyMethod" time="4.399"/>
</testsuite> <!-- AutomationProjects.CheckingAsteriskSymbolPresentOrNot -->
