<?xml version="1.0" encoding="UTF-8"?>
<!-- Generated by org.testng.reporters.JUnitReportReporter -->
<testsuite hostname="LAPTOP-AJDG01Q7" failures="0" tests="1" name="AutomationProjects.VerifyThatPasswordHideItsVisibilityOrNot" time="6.210" errors="0" timestamp="2025-09-29T18:12:17 IST" skipped="0">
  <testcase classname="AutomationProjects.VerifyThatPasswordHideItsVisibilityOrNot" name="verifyMethod" time="6.210"/>
</testsuite> <!-- AutomationProjects.VerifyThatPasswordHideItsVisibilityOrNot -->
