<?xml version="1.0" encoding="UTF-8"?>
<!-- Generated by org.testng.reporters.JUnitReportReporter -->
<testsuite hostname="LAPTOP-AJDG01Q7" failures="0" tests="2" name="TestNGC.First.CrossBrowserTesting" time="19.996" errors="0" timestamp="2025-09-11T15:45:02 IST" skipped="0">
  <testcase classname="TestNGC.First.CrossBrowserTesting" name="verifytitle" time="15.325"/>
  <testcase classname="TestNGC.First.CrossBrowserTesting" name="verifytitle" time="4.671"/>
</testsuite> <!-- TestNGC.First.CrossBrowserTesting -->
