<?xml version="1.0" encoding="UTF-8"?>
<!-- Generated by org.testng.reporters.JUnitReportReporter -->
<testsuite hostname="LAPTOP-AJDG01Q7" failures="0" tests="1" name="AutomationProjects.InvalidTelephoneNumber" time="10.939" errors="0" timestamp="2025-09-19T14:32:52 IST" skipped="0">
  <testcase classname="AutomationProjects.InvalidTelephoneNumber" name="invalidNumber" time="10.939"/>
</testsuite> <!-- AutomationProjects.InvalidTelephoneNumber -->
