<?xml version="1.0" encoding="UTF-8"?>
<!-- Generated by org.testng.reporters.JUnitReportReporter -->
<testsuite hostname="LAPTOP-AJDG01Q7" failures="0" tests="1" name="AutomationProjects.FillFormWithoutUsingMouseFunction" time="12.588" errors="0" timestamp="2025-09-29T17:10:12 IST" skipped="0">
  <testcase classname="AutomationProjects.FillFormWithoutUsingMouseFunction" name="keyboardKeysOnly" time="12.588"/>
</testsuite> <!-- AutomationProjects.FillFormWithoutUsingMouseFunction -->
