<?xml version="1.0" encoding="UTF-8"?>
<!-- Generated by org.testng.reporters.JUnitReportReporter -->
<testsuite hostname="LAPTOP-AJDG01Q7" failures="0" tests="6" name="TestNGC.First.invocationCount" time="0.034" errors="0" timestamp="2025-09-10T13:36:39 IST" skipped="0">
  <testcase classname="TestNGC.First.invocationCount" name="testcase1" time="0.003"/>
  <testcase classname="TestNGC.First.invocationCount" name="testcase1" time="0.004"/>
  <testcase classname="TestNGC.First.invocationCount" name="testcase1" time="0.004"/>
  <testcase classname="TestNGC.First.invocationCount" name="testcase1" time="0.003"/>
  <testcase classname="TestNGC.First.invocationCount" name="testcase1" time="0.018"/>
  <testcase classname="TestNGC.First.invocationCount" name="testcase2" time="0.002"/>
</testsuite> <!-- TestNGC.First.invocationCount -->
