<?xml version="1.0" encoding="UTF-8"?>
<!-- Generated by org.testng.reporters.JUnitReportReporter -->
<testsuite hostname="LAPTOP-AJDG01Q7" failures="0" tests="1" name="AutomationProjects.CheckingAllPlaceHolderAreCorrectOrNot" time="4.239" errors="0" timestamp="2025-09-29T17:24:05 IST" skipped="0">
  <testcase classname="AutomationProjects.CheckingAllPlaceHolderAreCorrectOrNot" name="verifyPlaceHolder" time="4.239"/>
</testsuite> <!-- AutomationProjects.CheckingAllPlaceHolderAreCorrectOrNot -->
