<?xml version="1.0" encoding="UTF-8"?>
<!-- Generated by org.testng.reporters.JUnitReportReporter -->
<testsuite hostname="LAPTOP-AJDG01Q7" failures="0" tests="1" name="AutomationProjects.CheckingRedSymbolToMandtoryField" time="4.855" errors="0" timestamp="2025-09-19T17:27:33 IST" skipped="0">
  <testcase classname="AutomationProjects.CheckingRedSymbolToMandtoryField" name="verifyRedSymbol" time="4.855"/>
</testsuite> <!-- AutomationProjects.CheckingRedSymbolToMandtoryField -->
