<?xml version="1.0" encoding="UTF-8"?>
<!-- Generated by org.testng.reporters.JUnitReportReporter -->
<testsuite hostname="LAPTOP-AJDG01Q7" failures="0" tests="1" name="Cucumber.ruf" time="4.636" errors="0" timestamp="2025-09-30T14:48:37 IST" skipped="0">
  <testcase classname="Cucumber.ruf" name="verify" time="4.636"/>
</testsuite> <!-- Cucumber.ruf -->
