<?xml version="1.0" encoding="UTF-8"?>
<!-- Generated by org.testng.reporters.JUnitReportReporter -->
<testsuite hostname="LAPTOP-AJDG01Q7" failures="0" tests="1" name="AutomationProjects.VerifyGmailAccount" time="11.746" errors="0" timestamp="2025-09-29T15:19:55 IST" skipped="0">
  <testcase classname="AutomationProjects.VerifyGmailAccount" name="verify" time="11.746"/>
</testsuite> <!-- AutomationProjects.VerifyGmailAccount -->
