<?xml version="1.0" encoding="UTF-8"?>
<!-- Generated by org.testng.reporters.JUnitReportReporter -->
<testsuite hostname="LAPTOP-AJDG01Q7" failures="0" tests="1" name="AutomationProjects.DifferentPasswardWarningVerification" time="12.362" errors="0" timestamp="2025-09-29T16:37:11 IST" skipped="0">
  <testcase classname="AutomationProjects.DifferentPasswardWarningVerification" name="verfyMethods" time="12.362"/>
</testsuite> <!-- AutomationProjects.DifferentPasswardWarningVerification -->
