<?xml version="1.0" encoding="UTF-8"?>
<!-- Generated by org.testng.reporters.JUnitReportReporter -->
<testsuite hostname="LAPTOP-AJDG01Q7" failures="0" tests="1" name="AutomationProjects.ToCheckgettingWarningMsgOrNot" time="12.105" errors="0" timestamp="2025-09-29T16:50:05 IST" skipped="0">
  <testcase classname="AutomationProjects.ToCheckgettingWarningMsgOrNot" name="verifyMethod" time="12.105"/>
</testsuite> <!-- AutomationProjects.ToCheckgettingWarningMsgOrNot -->
