<?xml version="1.0" encoding="UTF-8"?>
<!-- Generated by org.testng.reporters.JUnitReportReporter -->
<testsuite hostname="LAPTOP-AJDG01Q7" failures="0" tests="1" name="AutomationProjects.ChekingMandatoryFieldsInTheRegisterAccountNotAcceptSpace" time="9.466" errors="0" timestamp="2025-09-29T17:45:23 IST" skipped="0">
  <testcase classname="AutomationProjects.ChekingMandatoryFieldsInTheRegisterAccountNotAcceptSpace" name="verifyMethod" time="9.466"/>
</testsuite> <!-- AutomationProjects.ChekingMandatoryFieldsInTheRegisterAccountNotAcceptSpace -->
